{"tests": [{"data": {"status": "error", "inputs": {"scaffold": "chr01", "sstop": "93251", "sstart": "12558"}, "problem_type": "base.interactor.RunToolException", "problem_log": "Traceback (most recent call last):\n  File \"/usr/lib/python2.7/unittest/case.py\", line 329, in run\n    testMethod()\n  File \"/home/galaxy/galaxy-prod/test/functional/test_toolbox.py\", line 317, in test_tool\n    self.do_it(td)\n  File \"/home/galaxy/galaxy-prod/test/functional/test_toolbox.py\", line 68, in do_it\n    raise e\nRunToolException: Error creating a job for these tool inputs - Parameter index requires a value, but has no legal values defined.\n", "execution_problem": "Error creating a job for these tool inputs - Parameter index requires a value, but has no legal values defined."}, "id": "functional.test_toolbox.TestForTool_getsubseq.test_tool_000000", "has_data": true}], "version": "0.1", "exit_code": 1, "summary": {"num_skips": 0, "num_errors": 1, "num_failures": 0, "num_tests": 1}}