{"tests": [{"data": {"status": "failure", "inputs": {"threshold": "0.05", "input": {"src": "hda", "id": "2891970512fa2d5a"}, "markers": "10", "population": "100"}, "output_problems": ["History item  different than expected\nNo line of output file was 'Site\tName\tChromosome\tPosition\tVARIANT' (output was '') ", "History item  different than expected\nNo text matching expression '^rs' was found in output file."], "job": {"inputs": {"input": {"src": "hda", "id": "2891970512fa2d5a", "uuid": "f7eaa20e-e4d8-4ba7-ad4e-8a5168d8e9b9"}}, "update_time": "2018-02-06T06:13:21.786177", "tool_id": "purity_beta", "outputs": {"output": {"src": "hda", "id": "5729865256bc2525", "uuid": "e02f4f54-b4dd-4d1d-b39c-ab4a47143162"}, "output_hapmap": {"src": "hda", "id": "54f2a3a23292eb07", "uuid": "8bd57b7c-b04d-4507-b70a-4a957d983154"}}, "stdout": "", "command_line": "java -jar /home/galaxy/data/galaxy.jci/tools/purity/purity_180206.jar 10 100 0.05 /tmp/tmpWG1pKd/files/000/dataset_1.dat /tmp/tmpWG1pKd/files/000/dataset_2.dat && cp /tmp/tmpWG1pKd/files/000/dataset_2.dat.hmp.txt /tmp/tmpWG1pKd/files/000/dataset_3.dat", "exit_code": 1, "state": "ok", "create_time": "2018-02-06T06:13:04.411241", "params": {"threshold": "\"0.05\"", "chromInfo": "\"/home/galaxy/data/galaxy.jci/tool-data/shared/ucsc/chrom/hg17.len\"", "dbkey": "\"hg17\"", "markers": "\"10\"", "population": "\"100\""}, "stderr": "Warning: Logging error\nlog4j:WARN No appenders could be found for logger (net.maizegenetics.plugindef.AbstractPlugin).\nlog4j:WARN Please initialize the log4j system properly.\nException in thread \"main\" java.lang.IllegalStateException: ImportUtils: read: this file is not a Genotype Table: /tmp/tmpWG1pKd/files/000/dataset_1.dat\n\tat net.maizegenetics.dna.snp.ImportUtils.read(ImportUtils.java:64)\n\tat purity.geneticAlgorithm.Main.main(Main.java:66)\n", "job_metrics": [], "model_class": "Job", "external_id": "23059", "id": "5729865256bc2525", "user_email": "test@bx.psu.edu"}, "problem_log": "Traceback (most recent call last):\n  File \"/usr/lib/python2.7/unittest/case.py\", line 329, in run\n    testMethod()\n  File \"/home/galaxy/data/galaxy.jci/test/functional/test_toolbox.py\", line 317, in test_tool\n    self.do_it(td)\n  File \"/home/galaxy/data/galaxy.jci/test/functional/test_toolbox.py\", line 83, in do_it\n    raise e\nJobOutputsError: History item  different than expected\nNo line of output file was 'Site\tName\tChromosome\tPosition\tVARIANT' (output was '') \nHistory item  different than expected\nNo text matching expression '^rs' was found in output file.\n", "problem_type": "functional.test_toolbox.JobOutputsError"}, "id": "functional.test_toolbox.TestForTool_purity_beta.test_tool_000000", "has_data": true}], "version": "0.1", "exit_code": 1, "summary": {"num_skips": 0, "num_errors": 0, "num_failures": 1, "num_tests": 1}}